2024-10-27 17:40:57 - Starting DemoApplication using Java 17.0.11 with PID 4044 (C:\Users\shockz\Desktop\demo\target\classes started by shockz in C:\Users\shockz\Desktop\demo)
2024-10-27 17:40:57 - No active profile set, falling back to 1 default profile: "default"
2024-10-27 17:40:58 - Tomcat initialized with port 8080 (http)
2024-10-27 17:40:58 - Starting service [Tomcat]
2024-10-27 17:40:58 - Starting Servlet engine: [Apache Tomcat/10.1.31]
2024-10-27 17:40:58 - Initializing Spring embedded WebApplicationContext
2024-10-27 17:40:58 - Root WebApplicationContext: initialization completed in 1136 ms
2024-10-27 17:40:59 - Using default implementation for ThreadExecutor
2024-10-27 17:40:59 - Initialized Scheduler Signaller of type: class org.quartz.core.SchedulerSignalerImpl
2024-10-27 17:40:59 - Quartz Scheduler v.2.3.2 created.
2024-10-27 17:40:59 - RAMJobStore initialized.
2024-10-27 17:40:59 - Scheduler meta-data: Quartz Scheduler (v2.3.2) 'quartzScheduler' with instanceId 'NON_CLUSTERED'
  Scheduler class: 'org.quartz.core.QuartzScheduler' - running locally.
  NOT STARTED.
  Currently in standby mode.
  Number of jobs executed: 0
  Using thread pool 'org.quartz.simpl.SimpleThreadPool' - with 10 threads.
  Using job-store 'org.quartz.simpl.RAMJobStore' - which does not support persistence. and is not clustered.

2024-10-27 17:40:59 - Quartz scheduler 'quartzScheduler' initialized from an externally provided properties instance.
2024-10-27 17:40:59 - Quartz scheduler version: 2.3.2
2024-10-27 17:40:59 - JobFactory set to: org.springframework.scheduling.quartz.SpringBeanJobFactory@6b2fdffc
2024-10-27 17:40:59 - Exposing 1 endpoint beneath base path '/actuator'
2024-10-27 17:40:59 - Tomcat started on port 8080 (http) with context path '/'
2024-10-27 17:40:59 - Starting Quartz Scheduler now
2024-10-27 17:40:59 - Scheduler quartzScheduler_$_NON_CLUSTERED started.
2024-10-27 17:40:59 - Started DemoApplication in 2.39 seconds (process running for 2.822)
2024-10-27 17:41:00 - Current Time: 2024-10-27T17:41:00.007175700
2024-10-27 17:41:00 - Initializing Spring DispatcherServlet 'dispatcherServlet'
2024-10-27 17:41:00 - Initializing Servlet 'dispatcherServlet'
2024-10-27 17:41:00 - Completed initialization in 1 ms
2024-10-27 17:42:00 - Current Time: 2024-10-27T17:42:00.000840100
